anxiety = 0
anxiety = 0
anxiety = 0
anxiety = 0
anxiety = 0
arrhythmias = 0
arrhythmias = 0
arrhythmias = 0
blindness = 0
blurred vision = 0
blurred vision = 0
blurred vision = 0
blurred vision = 0
blurred vision = 0
constricted pupils = 0
constricted pupils = 0
constricted pupils = 0
cough = 0
cough = 0
cough = 0
cough = 0
cough = 0
cough = 0
dialated pupils = 0
dialated pupils = 0
dialated pupils = 0
dialated pupils = 0
dizziness = 0
dizziness = 0
dizziness = 0
dizziness = 0
dizziness = 0
dry mouth = 0
dry mouth = 0
dry mouth = 0
dry mouth = 0
dry mouth = 0
dry mouth = 0
dry mouth = 0
dry mouth = 0
fever = 0
fever = 0
fever = 0
fever = 0
fever = 0
fever = 0
fever = 0
headache = 0
headache = 0
headache = 0
headache = 0
high blood pressure = 0
high blood pressure = 0
high blood pressure = 0
high blood pressure = 0
high blood pressure = 0
high blood pressure = 0
high blood pressure = 0
high blood pressure = 0
high blood pressure = 0
high blood pressure = 0
inflamation = 0
inflamation = 0
inflamation = 0
inflamation = 0
inflamation = 0
inflamation = 0
inflamation = 0
insomnia = 0
insomnia = 0
insomnia = 0
insomnia = 0
low blood pressure = 0
low blood pressure = 0
low blood pressure = 0
low blood pressure = 0
nausea = 0
nausea = 0
nausea = 0
nausea = 0
nausea = 0
rapid heart rate = 0
rash = 0
rash = 0
rash = 0
rash = 0
shortness of breath = 0
shortness of breath = 0
shortness of breath = 0
stiff neck = 0
stiff neck = 0
stiff neck = 0
stiff neck = 0
stomach pain = 0
stomach pain = 0
stomach pain = 0
tremor = 0
tremor = 0
tremor = 0
tremor = 0
water retention = 0
